<?xml version="1.0" encoding="UTF-8"?>
<testsuite xmlns:xsi="http://www.w3.org/2001/XMLSchema-instance" xsi:noNamespaceSchemaLocation="https://maven.apache.org/surefire/maven-surefire-plugin/xsd/surefire-test-report-3.0.xsd" version="3.0" name="com.paymentchain.product.ProductApplicationTests" time="15.872" tests="1" errors="0" skipped="0" failures="0">
  <properties>
[...]
</properties>
  <testcase name="contextLoads" classname="com.paymentchain.product.ProductApplicationTests" time="0.278">
    <system-out><![CDATA[13:20:49.108 [main] DEBUG org.springframework.test.context.BootstrapUtils - Instantiating CacheAwareContextLoaderDelegate from class [org.springframework.test.context.cache.DefaultCacheAwareContextLoaderDelegate]
13:20:49.124 [main] DEBUG org.springframework.test.context.BootstrapUtils - Instantiating BootstrapContext using constructor [public org.springframework.test.context.support.DefaultBootstrapContext(java.lang.Class,org.springframework.test.context.CacheAwareContextLoaderDelegate)]
13:20:49.190 [main] DEBUG org.springframework.test.context.BootstrapUtils - Instantiating TestContextBootstrapper for test class [com.paymentchain.product.ProductApplicationTests] from class [org.springframework.boot.test.context.SpringBootTestContextBootstrapper]
13:20:49.217 [main] INFO org.springframework.boot.test.context.SpringBootTestContextBootstrapper - Neither @ContextConfiguration nor @ContextHierarchy found for test class [com.paymentchain.product.ProductApplicationTests], using SpringBootContextLoader
13:20:49.224 [main] DEBUG org.springframework.test.context.support.AbstractContextLoader - Did not detect default resource location for test class [com.paymentchain.product.ProductApplicationTests]: class path resource [com/paymentchain/product/ProductApplicationTests-context.xml] does not exist
13:20:49.224 [main] DEBUG org.springframework.test.context.support.AbstractContextLoader - Did not detect default resource location for test class [com.paymentchain.product.ProductApplicationTests]: class path resource [com/paymentchain/product/ProductApplicationTestsContext.groovy] does not exist
13:20:49.225 [main] INFO org.springframework.test.context.support.AbstractContextLoader - Could not detect default resource locations for test class [com.paymentchain.product.ProductApplicationTests]: no resource found for suffixes {-context.xml, Context.groovy}.
13:20:49.226 [main] INFO org.springframework.test.context.support.AnnotationConfigContextLoaderUtils - Could not detect default configuration classes for test class [com.paymentchain.product.ProductApplicationTests]: ProductApplicationTests does not declare any static, non-private, non-final, nested classes annotated with @Configuration.
13:20:49.360 [main] DEBUG org.springframework.test.context.support.ActiveProfilesUtils - Could not find an 'annotation declaring class' for annotation type [org.springframework.test.context.ActiveProfiles] and class [com.paymentchain.product.ProductApplicationTests]
13:20:49.478 [main] DEBUG org.springframework.context.annotation.ClassPathScanningCandidateComponentProvider - Identified candidate component class: file [C:\Users\HP\Documents\NetBeansProjects\paymentchainparent\businessdomain\product\target\classes\com\paymentchain\product\ProductApplication.class]
13:20:49.480 [main] INFO org.springframework.boot.test.context.SpringBootTestContextBootstrapper - Found @SpringBootConfiguration com.paymentchain.product.ProductApplication for test class com.paymentchain.product.ProductApplicationTests
13:20:49.706 [main] DEBUG org.springframework.boot.test.context.SpringBootTestContextBootstrapper - @TestExecutionListeners is not present for class [com.paymentchain.product.ProductApplicationTests]: using defaults.
13:20:49.707 [main] INFO org.springframework.boot.test.context.SpringBootTestContextBootstrapper - Loaded default TestExecutionListener class names from location [META-INF/spring.factories]: [org.springframework.boot.test.mock.mockito.MockitoTestExecutionListener, org.springframework.boot.test.mock.mockito.ResetMocksTestExecutionListener, org.springframework.boot.test.autoconfigure.restdocs.RestDocsTestExecutionListener, org.springframework.boot.test.autoconfigure.web.client.MockRestServiceServerResetTestExecutionListener, org.springframework.boot.test.autoconfigure.web.servlet.MockMvcPrintOnlyOnFailureTestExecutionListener, org.springframework.boot.test.autoconfigure.web.servlet.WebDriverTestExecutionListener, org.springframework.boot.test.autoconfigure.webservices.client.MockWebServiceServerTestExecutionListener, org.springframework.test.context.web.ServletTestExecutionListener, org.springframework.test.context.support.DirtiesContextBeforeModesTestExecutionListener, org.springframework.test.context.event.ApplicationEventsTestExecutionListener, org.springframework.test.context.support.DependencyInjectionTestExecutionListener, org.springframework.test.context.support.DirtiesContextTestExecutionListener, org.springframework.test.context.transaction.TransactionalTestExecutionListener, org.springframework.test.context.jdbc.SqlScriptsTestExecutionListener, org.springframework.test.context.event.EventPublishingTestExecutionListener]
13:20:49.755 [main] INFO org.springframework.boot.test.context.SpringBootTestContextBootstrapper - Using TestExecutionListeners: [org.springframework.test.context.web.ServletTestExecutionListener@eb6449b, org.springframework.test.context.support.DirtiesContextBeforeModesTestExecutionListener@7c351808, org.springframework.test.context.event.ApplicationEventsTestExecutionListener@180e6ac4, org.springframework.boot.test.mock.mockito.MockitoTestExecutionListener@42b64ab8, org.springframework.boot.test.autoconfigure.SpringBootDependencyInjectionTestExecutionListener@7e985ce9, org.springframework.test.context.support.DirtiesContextTestExecutionListener@2a39fe6a, org.springframework.test.context.transaction.TransactionalTestExecutionListener@410ae9a3, org.springframework.test.context.jdbc.SqlScriptsTestExecutionListener@319988b0, org.springframework.test.context.event.EventPublishingTestExecutionListener@d5ae57e, org.springframework.boot.test.mock.mockito.ResetMocksTestExecutionListener@68759011, org.springframework.boot.test.autoconfigure.restdocs.RestDocsTestExecutionListener@7e242b4d, org.springframework.boot.test.autoconfigure.web.client.MockRestServiceServerResetTestExecutionListener@305f031, org.springframework.boot.test.autoconfigure.web.servlet.MockMvcPrintOnlyOnFailureTestExecutionListener@592e843a, org.springframework.boot.test.autoconfigure.web.servlet.WebDriverTestExecutionListener@1d1f7216, org.springframework.boot.test.autoconfigure.webservices.client.MockWebServiceServerTestExecutionListener@423e4cbb]
13:20:49.762 [main] DEBUG org.springframework.test.context.support.AbstractDirtiesContextTestExecutionListener - Before test class: context [DefaultTestContext@716a7124 testClass = ProductApplicationTests, testInstance = [null], testMethod = [null], testException = [null], mergedContextConfiguration = [WebMergedContextConfiguration@77192705 testClass = ProductApplicationTests, locations = '{}', classes = '{class com.paymentchain.product.ProductApplication}', contextInitializerClasses = '[]', activeProfiles = '{}', propertySourceLocations = '{}', propertySourceProperties = '{org.springframework.boot.test.context.SpringBootTestContextBootstrapper=true}', contextCustomizers = set[org.springframework.boot.test.context.filter.ExcludeFilterContextCustomizer@3bd323e9, org.springframework.boot.test.json.DuplicateJsonObjectContextCustomizerFactory$DuplicateJsonObjectContextCustomizer@3403e2ac, org.springframework.boot.test.mock.mockito.MockitoContextCustomizer@0, org.springframework.boot.test.web.client.TestRestTemplateContextCustomizer@56673b2c, org.springframework.boot.test.web.reactive.server.WebTestClientContextCustomizer@401f7633, org.springframework.boot.test.autoconfigure.actuate.metrics.MetricsExportContextCustomizerFactory$DisableMetricExportContextCustomizer@7b205dbd, org.springframework.boot.test.autoconfigure.properties.PropertyMappingContextCustomizer@0, org.springframework.boot.test.autoconfigure.web.servlet.WebDriverContextCustomizerFactory$Customizer@3b7d3a38, org.springframework.boot.test.context.SpringBootTestArgs@1, org.springframework.boot.test.context.SpringBootTestWebEnvironment@3d285d7e], resourceBasePath = 'src/main/webapp', contextLoader = 'org.springframework.boot.test.context.SpringBootContextLoader', parent = [null]], attributes = map['org.springframework.test.context.web.ServletTestExecutionListener.activateListener' -> true]], class annotated with @DirtiesContext [false] with mode [null].

  .   ____          _            __ _ _
 /\\ / ___'_ __ _ _(_)_ __  __ _ \ \ \ \
( ( )\___ | '_ | '_| | '_ \/ _` | \ \ \ \
 \\/  ___)| |_)| | | | | || (_| |  ) ) ) )
  '  |____| .__|_| |_|_| |_\__, | / / / /
 =========|_|==============|___/=/_/_/_/
 :: Spring Boot ::                (v2.7.8)

2023-02-03 13:20:50.734  INFO 15340 --- [           main] c.p.product.ProductApplicationTests      : Starting ProductApplicationTests using Java 11.0.11 on DESKTOP-40J7C6F with PID 15340 (started by HP in C:\Users\HP\Documents\NetBeansProjects\paymentchainparent\businessdomain\product)
2023-02-03 13:20:50.737  INFO 15340 --- [           main] c.p.product.ProductApplicationTests      : No active profile set, falling back to 1 default profile: "default"
2023-02-03 13:20:52.436  INFO 15340 --- [           main] .s.d.r.c.RepositoryConfigurationDelegate : Bootstrapping Spring Data JPA repositories in DEFAULT mode.
2023-02-03 13:20:52.816  INFO 15340 --- [           main] .s.d.r.c.RepositoryConfigurationDelegate : Finished Spring Data repository scanning in 364 ms. Found 1 JPA repository interfaces.
2023-02-03 13:20:53.443  INFO 15340 --- [           main] o.s.cloud.context.scope.GenericScope     : BeanFactory id=e56031e9-c759-389a-b010-ddf21c0ca790
2023-02-03 13:20:53.931  INFO 15340 --- [           main] trationDelegate$BeanPostProcessorChecker : Bean 'org.springframework.cloud.client.loadbalancer.reactive.LoadBalancerBeanPostProcessorAutoConfiguration' of type [org.springframework.cloud.client.loadbalancer.reactive.LoadBalancerBeanPostProcessorAutoConfiguration] is not eligible for getting processed by all BeanPostProcessors (for example: not eligible for auto-proxying)
2023-02-03 13:20:53.936  INFO 15340 --- [           main] trationDelegate$BeanPostProcessorChecker : Bean 'org.springframework.cloud.client.loadbalancer.reactive.LoadBalancerBeanPostProcessorAutoConfiguration$ReactorDeferringLoadBalancerFilterConfig' of type [org.springframework.cloud.client.loadbalancer.reactive.LoadBalancerBeanPostProcessorAutoConfiguration$ReactorDeferringLoadBalancerFilterConfig] is not eligible for getting processed by all BeanPostProcessors (for example: not eligible for auto-proxying)
2023-02-03 13:20:53.943  INFO 15340 --- [           main] trationDelegate$BeanPostProcessorChecker : Bean 'reactorDeferringLoadBalancerExchangeFilterFunction' of type [org.springframework.cloud.client.loadbalancer.reactive.DeferringLoadBalancerExchangeFilterFunction] is not eligible for getting processed by all BeanPostProcessors (for example: not eligible for auto-proxying)
2023-02-03 13:20:54.507  INFO 15340 --- [           main] com.zaxxer.hikari.HikariDataSource       : HikariPool-1 - Starting...
2023-02-03 13:20:55.013  INFO 15340 --- [           main] com.zaxxer.hikari.HikariDataSource       : HikariPool-1 - Start completed.
2023-02-03 13:20:55.217  INFO 15340 --- [           main] o.hibernate.jpa.internal.util.LogHelper  : HHH000204: Processing PersistenceUnitInfo [name: default]
2023-02-03 13:20:55.451  INFO 15340 --- [           main] org.hibernate.Version                    : HHH000412: Hibernate ORM core version 5.6.14.Final
2023-02-03 13:20:55.983  INFO 15340 --- [           main] o.hibernate.annotations.common.Version   : HCANN000001: Hibernate Commons Annotations {5.1.2.Final}
2023-02-03 13:20:56.412  INFO 15340 --- [           main] org.hibernate.dialect.Dialect            : HHH000400: Using dialect: org.hibernate.dialect.H2Dialect
2023-02-03 13:20:57.643  INFO 15340 --- [           main] o.h.e.t.j.p.i.JtaPlatformInitiator       : HHH000490: Using JtaPlatform implementation: [org.hibernate.engine.transaction.jta.platform.internal.NoJtaPlatform]
2023-02-03 13:20:57.656  INFO 15340 --- [           main] j.LocalContainerEntityManagerFactoryBean : Initialized JPA EntityManagerFactory for persistence unit 'default'
2023-02-03 13:20:59.210  WARN 15340 --- [           main] JpaBaseConfiguration$JpaWebConfiguration : spring.jpa.open-in-view is enabled by default. Therefore, database queries may be performed during view rendering. Explicitly configure spring.jpa.open-in-view to disable this warning
2023-02-03 13:21:02.361  INFO 15340 --- [           main] DiscoveryClientOptionalArgsConfiguration : Eureka HTTP Client uses RestTemplate.
2023-02-03 13:21:03.249  WARN 15340 --- [           main] iguration$LoadBalancerCaffeineWarnLogger : Spring Cloud LoadBalancer is currently working with the default cache. While this cache implementation is useful for development and tests, it's recommended to use Caffeine cache in production.You can switch to using Caffeine cache, by adding it and org.springframework.cache.caffeine.CaffeineCacheManager to the classpath.
2023-02-03 13:21:03.293  INFO 15340 --- [           main] o.s.c.n.eureka.InstanceInfoFactory       : Setting initial instance status as: STARTING
2023-02-03 13:21:03.792  INFO 15340 --- [           main] com.netflix.discovery.DiscoveryClient    : Initializing Eureka in region us-east-1
2023-02-03 13:21:03.800  INFO 15340 --- [           main] c.n.d.s.r.aws.ConfigClusterResolver      : Resolving eureka endpoints via configuration
2023-02-03 13:21:03.849  INFO 15340 --- [           main] com.netflix.discovery.DiscoveryClient    : Disable delta property : false
2023-02-03 13:21:03.849  INFO 15340 --- [           main] com.netflix.discovery.DiscoveryClient    : Single vip registry refresh property : null
2023-02-03 13:21:03.849  INFO 15340 --- [           main] com.netflix.discovery.DiscoveryClient    : Force full registry fetch : false
2023-02-03 13:21:03.849  INFO 15340 --- [           main] com.netflix.discovery.DiscoveryClient    : Application is null : false
2023-02-03 13:21:03.849  INFO 15340 --- [           main] com.netflix.discovery.DiscoveryClient    : Registered Applications size is zero : true
2023-02-03 13:21:03.849  INFO 15340 --- [           main] com.netflix.discovery.DiscoveryClient    : Application version is -1: true
2023-02-03 13:21:03.849  INFO 15340 --- [           main] com.netflix.discovery.DiscoveryClient    : Getting all instance registry info from the eureka server
2023-02-03 13:21:04.486  INFO 15340 --- [           main] com.netflix.discovery.DiscoveryClient    : The response status is 200
2023-02-03 13:21:04.490  INFO 15340 --- [           main] com.netflix.discovery.DiscoveryClient    : Starting heartbeat executor: renew interval is: 30
2023-02-03 13:21:04.493  INFO 15340 --- [           main] c.n.discovery.InstanceInfoReplicator     : InstanceInfoReplicator onDemand update allowed rate per min is 4
2023-02-03 13:21:04.504  INFO 15340 --- [           main] com.netflix.discovery.DiscoveryClient    : Discovery Client initialized at timestamp 1675448464499 with initial instances count: 2
2023-02-03 13:21:04.511  INFO 15340 --- [           main] o.s.c.n.e.s.EurekaServiceRegistry        : Registering application BUSINESSDOMAIN-PRODUCT with eureka with status UP
2023-02-03 13:21:04.512  INFO 15340 --- [           main] com.netflix.discovery.DiscoveryClient    : Saw local status change event StatusChangeEvent [timestamp=1675448464512, current=UP, previous=STARTING]
2023-02-03 13:21:04.515  INFO 15340 --- [nfoReplicator-0] com.netflix.discovery.DiscoveryClient    : DiscoveryClient_BUSINESSDOMAIN-PRODUCT/192.168.1.8:businessdomain-product:8083: registering service...
2023-02-03 13:21:04.538  INFO 15340 --- [           main] c.p.product.ProductApplicationTests      : Started ProductApplicationTests in 14.701 seconds (JVM running for 16.949)
2023-02-03 13:21:04.578  INFO 15340 --- [nfoReplicator-0] com.netflix.discovery.DiscoveryClient    : DiscoveryClient_BUSINESSDOMAIN-PRODUCT/192.168.1.8:businessdomain-product:8083 - registration status: 204
]]></system-out>
  </testcase>
</testsuite>